<?xml version="1.0" encoding="UTF-8"?>
<testsuites>
  <testsuite name="" tests="18" assertions="142" errors="0" warnings="0" failures="0" skipped="0" time="0.019504">
    <testsuite name="Project Test Suite" tests="18" assertions="142" errors="0" warnings="0" failures="0" skipped="0" time="0.019504">
      <testsuite name="App\Tests\BlackjackTest" file="/Users/jakoberiksson/dbwebb-kurser/mvc/me/report/tests/Blackjack/BlackjackTest.php" tests="7" assertions="18" errors="0" warnings="0" failures="0" skipped="0" time="0.008633">
        <testcase name="testStartGame" class="App\Tests\BlackjackTest" classname="App.Tests.BlackjackTest" file="/Users/jakoberiksson/dbwebb-kurser/mvc/me/report/tests/Blackjack/BlackjackTest.php" line="15" assertions="4" time="0.006076"/>
        <testcase name="testHitPlayer" class="App\Tests\BlackjackTest" classname="App.Tests.BlackjackTest" file="/Users/jakoberiksson/dbwebb-kurser/mvc/me/report/tests/Blackjack/BlackjackTest.php" line="31" assertions="1" time="0.000640"/>
        <testcase name="testHitDealer" class="App\Tests\BlackjackTest" classname="App.Tests.BlackjackTest" file="/Users/jakoberiksson/dbwebb-kurser/mvc/me/report/tests/Blackjack/BlackjackTest.php" line="46" assertions="1" time="0.000245"/>
        <testcase name="testCalculateHandValue" class="App\Tests\BlackjackTest" classname="App.Tests.BlackjackTest" file="/Users/jakoberiksson/dbwebb-kurser/mvc/me/report/tests/Blackjack/BlackjackTest.php" line="61" assertions="1" time="0.000567"/>
        <testcase name="testCalculateWinner" class="App\Tests\BlackjackTest" classname="App.Tests.BlackjackTest" file="/Users/jakoberiksson/dbwebb-kurser/mvc/me/report/tests/Blackjack/BlackjackTest.php" line="81" assertions="5" time="0.000252"/>
        <testcase name="testGetPlayerHand" class="App\Tests\BlackjackTest" classname="App.Tests.BlackjackTest" file="/Users/jakoberiksson/dbwebb-kurser/mvc/me/report/tests/Blackjack/BlackjackTest.php" line="104" assertions="3" time="0.000606"/>
        <testcase name="testGetDealerHand" class="App\Tests\BlackjackTest" classname="App.Tests.BlackjackTest" file="/Users/jakoberiksson/dbwebb-kurser/mvc/me/report/tests/Blackjack/BlackjackTest.php" line="119" assertions="3" time="0.000247"/>
      </testsuite>
      <testsuite name="App\Tests\Card\CardTest" file="/Users/jakoberiksson/dbwebb-kurser/mvc/me/report/tests/Card/CardTest.php" tests="2" assertions="3" errors="0" warnings="0" failures="0" skipped="0" time="0.000309">
        <testcase name="testConstructorAndGetters" class="App\Tests\Card\CardTest" classname="App.Tests.Card.CardTest" file="/Users/jakoberiksson/dbwebb-kurser/mvc/me/report/tests/Card/CardTest.php" line="13" assertions="2" time="0.000160"/>
        <testcase name="testGetAsString" class="App\Tests\Card\CardTest" classname="App.Tests.Card.CardTest" file="/Users/jakoberiksson/dbwebb-kurser/mvc/me/report/tests/Card/CardTest.php" line="27" assertions="1" time="0.000149"/>
      </testsuite>
      <testsuite name="App\Tests\Card\DeckOfCardsTest" file="/Users/jakoberiksson/dbwebb-kurser/mvc/me/report/tests/Card/DeckOfCardsTest.php" tests="5" assertions="60" errors="0" warnings="0" failures="0" skipped="0" time="0.005707">
        <testcase name="testConstructorAndGetCards" class="App\Tests\Card\DeckOfCardsTest" classname="App.Tests.Card.DeckOfCardsTest" file="/Users/jakoberiksson/dbwebb-kurser/mvc/me/report/tests/Card/DeckOfCardsTest.php" line="23" assertions="53" time="0.000684"/>
        <testcase name="testShuffleCards" class="App\Tests\Card\DeckOfCardsTest" classname="App.Tests.Card.DeckOfCardsTest" file="/Users/jakoberiksson/dbwebb-kurser/mvc/me/report/tests/Card/DeckOfCardsTest.php" line="37" assertions="2" time="0.004317"/>
        <testcase name="testDrawCard" class="App\Tests\Card\DeckOfCardsTest" classname="App.Tests.Card.DeckOfCardsTest" file="/Users/jakoberiksson/dbwebb-kurser/mvc/me/report/tests/Card/DeckOfCardsTest.php" line="50" assertions="2" time="0.000253"/>
        <testcase name="testCardsLeftInDeck" class="App\Tests\Card\DeckOfCardsTest" classname="App.Tests.Card.DeckOfCardsTest" file="/Users/jakoberiksson/dbwebb-kurser/mvc/me/report/tests/Card/DeckOfCardsTest.php" line="63" assertions="2" time="0.000233"/>
        <testcase name="testAddCard" class="App\Tests\Card\DeckOfCardsTest" classname="App.Tests.Card.DeckOfCardsTest" file="/Users/jakoberiksson/dbwebb-kurser/mvc/me/report/tests/Card/DeckOfCardsTest.php" line="75" assertions="1" time="0.000221"/>
      </testsuite>
      <testsuite name="App\Tests\Card\DeckOfCardsWithJokerTest" file="/Users/jakoberiksson/dbwebb-kurser/mvc/me/report/tests/Card/DeckOfCardsWithJokerTest.php" tests="4" assertions="61" errors="0" warnings="0" failures="0" skipped="0" time="0.004855">
        <testcase name="testConstructorAndGetCards" class="App\Tests\Card\DeckOfCardsWithJokerTest" classname="App.Tests.Card.DeckOfCardsWithJokerTest" file="/Users/jakoberiksson/dbwebb-kurser/mvc/me/report/tests/Card/DeckOfCardsWithJokerTest.php" line="23" assertions="55" time="0.000606"/>
        <testcase name="testShuffleCards" class="App\Tests\Card\DeckOfCardsWithJokerTest" classname="App.Tests.Card.DeckOfCardsWithJokerTest" file="/Users/jakoberiksson/dbwebb-kurser/mvc/me/report/tests/Card/DeckOfCardsWithJokerTest.php" line="37" assertions="2" time="0.003766"/>
        <testcase name="testDrawCard" class="App\Tests\Card\DeckOfCardsWithJokerTest" classname="App.Tests.Card.DeckOfCardsWithJokerTest" file="/Users/jakoberiksson/dbwebb-kurser/mvc/me/report/tests/Card/DeckOfCardsWithJokerTest.php" line="50" assertions="2" time="0.000248"/>
        <testcase name="testCardsLeftInDeck" class="App\Tests\Card\DeckOfCardsWithJokerTest" classname="App.Tests.Card.DeckOfCardsWithJokerTest" file="/Users/jakoberiksson/dbwebb-kurser/mvc/me/report/tests/Card/DeckOfCardsWithJokerTest.php" line="63" assertions="2" time="0.000236"/>
      </testsuite>
    </testsuite>
  </testsuite>
</testsuites>
