<?xml version="1.0" encoding="UTF-8"?>
<testsuites>
  <testsuite name="" tests="20" assertions="153" errors="0" warnings="0" failures="0" skipped="0" time="1.566828">
    <testsuite name="Project Test Suite" tests="20" assertions="153" errors="0" warnings="0" failures="0" skipped="0" time="1.566828">
      <testsuite name="App\Tests\BlackjackTest" file="/Users/jakoberiksson/dbwebb-kurser/mvc/me/report/tests/Blackjack/BlackjackTest.php" tests="7" assertions="18" errors="0" warnings="0" failures="0" skipped="0" time="0.008550">
        <testcase name="testStartGame" class="App\Tests\BlackjackTest" classname="App.Tests.BlackjackTest" file="/Users/jakoberiksson/dbwebb-kurser/mvc/me/report/tests/Blackjack/BlackjackTest.php" line="15" assertions="4" time="0.006162"/>
        <testcase name="testHitPlayer" class="App\Tests\BlackjackTest" classname="App.Tests.BlackjackTest" file="/Users/jakoberiksson/dbwebb-kurser/mvc/me/report/tests/Blackjack/BlackjackTest.php" line="31" assertions="1" time="0.000624"/>
        <testcase name="testHitDealer" class="App\Tests\BlackjackTest" classname="App.Tests.BlackjackTest" file="/Users/jakoberiksson/dbwebb-kurser/mvc/me/report/tests/Blackjack/BlackjackTest.php" line="46" assertions="1" time="0.000232"/>
        <testcase name="testCalculateHandValue" class="App\Tests\BlackjackTest" classname="App.Tests.BlackjackTest" file="/Users/jakoberiksson/dbwebb-kurser/mvc/me/report/tests/Blackjack/BlackjackTest.php" line="61" assertions="1" time="0.000532"/>
        <testcase name="testCalculateWinner" class="App\Tests\BlackjackTest" classname="App.Tests.BlackjackTest" file="/Users/jakoberiksson/dbwebb-kurser/mvc/me/report/tests/Blackjack/BlackjackTest.php" line="81" assertions="5" time="0.000226"/>
        <testcase name="testGetPlayerHand" class="App\Tests\BlackjackTest" classname="App.Tests.BlackjackTest" file="/Users/jakoberiksson/dbwebb-kurser/mvc/me/report/tests/Blackjack/BlackjackTest.php" line="104" assertions="3" time="0.000541"/>
        <testcase name="testGetDealerHand" class="App\Tests\BlackjackTest" classname="App.Tests.BlackjackTest" file="/Users/jakoberiksson/dbwebb-kurser/mvc/me/report/tests/Blackjack/BlackjackTest.php" line="119" assertions="3" time="0.000233"/>
      </testsuite>
      <testsuite name="App\Tests\Card\CardTest" file="/Users/jakoberiksson/dbwebb-kurser/mvc/me/report/tests/Card/CardTest.php" tests="2" assertions="3" errors="0" warnings="0" failures="0" skipped="0" time="0.000319">
        <testcase name="testConstructorAndGetters" class="App\Tests\Card\CardTest" classname="App.Tests.Card.CardTest" file="/Users/jakoberiksson/dbwebb-kurser/mvc/me/report/tests/Card/CardTest.php" line="13" assertions="2" time="0.000166"/>
        <testcase name="testGetAsString" class="App\Tests\Card\CardTest" classname="App.Tests.Card.CardTest" file="/Users/jakoberiksson/dbwebb-kurser/mvc/me/report/tests/Card/CardTest.php" line="27" assertions="1" time="0.000153"/>
      </testsuite>
      <testsuite name="App\Tests\Card\DeckOfCardsTest" file="/Users/jakoberiksson/dbwebb-kurser/mvc/me/report/tests/Card/DeckOfCardsTest.php" tests="5" assertions="60" errors="0" warnings="0" failures="0" skipped="0" time="0.005211">
        <testcase name="testConstructorAndGetCards" class="App\Tests\Card\DeckOfCardsTest" classname="App.Tests.Card.DeckOfCardsTest" file="/Users/jakoberiksson/dbwebb-kurser/mvc/me/report/tests/Card/DeckOfCardsTest.php" line="23" assertions="53" time="0.000644"/>
        <testcase name="testShuffleCards" class="App\Tests\Card\DeckOfCardsTest" classname="App.Tests.Card.DeckOfCardsTest" file="/Users/jakoberiksson/dbwebb-kurser/mvc/me/report/tests/Card/DeckOfCardsTest.php" line="37" assertions="2" time="0.003923"/>
        <testcase name="testDrawCard" class="App\Tests\Card\DeckOfCardsTest" classname="App.Tests.Card.DeckOfCardsTest" file="/Users/jakoberiksson/dbwebb-kurser/mvc/me/report/tests/Card/DeckOfCardsTest.php" line="50" assertions="2" time="0.000224"/>
        <testcase name="testCardsLeftInDeck" class="App\Tests\Card\DeckOfCardsTest" classname="App.Tests.Card.DeckOfCardsTest" file="/Users/jakoberiksson/dbwebb-kurser/mvc/me/report/tests/Card/DeckOfCardsTest.php" line="63" assertions="2" time="0.000215"/>
        <testcase name="testAddCard" class="App\Tests\Card\DeckOfCardsTest" classname="App.Tests.Card.DeckOfCardsTest" file="/Users/jakoberiksson/dbwebb-kurser/mvc/me/report/tests/Card/DeckOfCardsTest.php" line="75" assertions="1" time="0.000205"/>
      </testsuite>
      <testsuite name="App\Tests\Card\DeckOfCardsWithJokerTest" file="/Users/jakoberiksson/dbwebb-kurser/mvc/me/report/tests/Card/DeckOfCardsWithJokerTest.php" tests="4" assertions="61" errors="0" warnings="0" failures="0" skipped="0" time="0.005117">
        <testcase name="testConstructorAndGetCards" class="App\Tests\Card\DeckOfCardsWithJokerTest" classname="App.Tests.Card.DeckOfCardsWithJokerTest" file="/Users/jakoberiksson/dbwebb-kurser/mvc/me/report/tests/Card/DeckOfCardsWithJokerTest.php" line="23" assertions="55" time="0.000850"/>
        <testcase name="testShuffleCards" class="App\Tests\Card\DeckOfCardsWithJokerTest" classname="App.Tests.Card.DeckOfCardsWithJokerTest" file="/Users/jakoberiksson/dbwebb-kurser/mvc/me/report/tests/Card/DeckOfCardsWithJokerTest.php" line="37" assertions="2" time="0.003788"/>
        <testcase name="testDrawCard" class="App\Tests\Card\DeckOfCardsWithJokerTest" classname="App.Tests.Card.DeckOfCardsWithJokerTest" file="/Users/jakoberiksson/dbwebb-kurser/mvc/me/report/tests/Card/DeckOfCardsWithJokerTest.php" line="50" assertions="2" time="0.000246"/>
        <testcase name="testCardsLeftInDeck" class="App\Tests\Card\DeckOfCardsWithJokerTest" classname="App.Tests.Card.DeckOfCardsWithJokerTest" file="/Users/jakoberiksson/dbwebb-kurser/mvc/me/report/tests/Card/DeckOfCardsWithJokerTest.php" line="63" assertions="2" time="0.000233"/>
      </testsuite>
      <testsuite name="App\Tests\Controller\HomeControllerTest" file="/Users/jakoberiksson/dbwebb-kurser/mvc/me/report/tests/Controller/HomeControllerTest.php" tests="2" assertions="11" errors="0" warnings="0" failures="0" skipped="0" time="1.547631">
        <testcase name="testHomePageIsSuccessful" class="App\Tests\Controller\HomeControllerTest" classname="App.Tests.Controller.HomeControllerTest" file="/Users/jakoberiksson/dbwebb-kurser/mvc/me/report/tests/Controller/HomeControllerTest.php" line="11" assertions="3" time="1.534684"/>
        <testcase name="testHomePageContent" class="App\Tests\Controller\HomeControllerTest" classname="App.Tests.Controller.HomeControllerTest" file="/Users/jakoberiksson/dbwebb-kurser/mvc/me/report/tests/Controller/HomeControllerTest.php" line="20" assertions="8" time="0.012947"/>
      </testsuite>
    </testsuite>
  </testsuite>
</testsuites>
