<?xml version="1.0" encoding="UTF-8"?>
<testsuites>
  <testsuite name="" tests="34" assertions="168" errors="0" warnings="0" failures="0" skipped="0" time="0.028298">
    <testsuite name="Project Test Suite" tests="34" assertions="168" errors="0" warnings="0" failures="0" skipped="0" time="0.028298">
      <testsuite name="App\Tests\BlackjackTest" file="/Users/jakoberiksson/dbwebb-kurser/mvc/me/report/tests/Blackjack/BlackjackTest.php" tests="7" assertions="18" errors="0" warnings="0" failures="0" skipped="0" time="0.008103">
        <testcase name="testStartGame" class="App\Tests\BlackjackTest" classname="App.Tests.BlackjackTest" file="/Users/jakoberiksson/dbwebb-kurser/mvc/me/report/tests/Blackjack/BlackjackTest.php" line="15" assertions="4" time="0.005694"/>
        <testcase name="testHitPlayer" class="App\Tests\BlackjackTest" classname="App.Tests.BlackjackTest" file="/Users/jakoberiksson/dbwebb-kurser/mvc/me/report/tests/Blackjack/BlackjackTest.php" line="31" assertions="1" time="0.000607"/>
        <testcase name="testHitDealer" class="App\Tests\BlackjackTest" classname="App.Tests.BlackjackTest" file="/Users/jakoberiksson/dbwebb-kurser/mvc/me/report/tests/Blackjack/BlackjackTest.php" line="46" assertions="1" time="0.000242"/>
        <testcase name="testCalculateHandValue" class="App\Tests\BlackjackTest" classname="App.Tests.BlackjackTest" file="/Users/jakoberiksson/dbwebb-kurser/mvc/me/report/tests/Blackjack/BlackjackTest.php" line="61" assertions="1" time="0.000553"/>
        <testcase name="testCalculateWinner" class="App\Tests\BlackjackTest" classname="App.Tests.BlackjackTest" file="/Users/jakoberiksson/dbwebb-kurser/mvc/me/report/tests/Blackjack/BlackjackTest.php" line="81" assertions="5" time="0.000231"/>
        <testcase name="testGetPlayerHand" class="App\Tests\BlackjackTest" classname="App.Tests.BlackjackTest" file="/Users/jakoberiksson/dbwebb-kurser/mvc/me/report/tests/Blackjack/BlackjackTest.php" line="104" assertions="3" time="0.000546"/>
        <testcase name="testGetDealerHand" class="App\Tests\BlackjackTest" classname="App.Tests.BlackjackTest" file="/Users/jakoberiksson/dbwebb-kurser/mvc/me/report/tests/Blackjack/BlackjackTest.php" line="119" assertions="3" time="0.000231"/>
      </testsuite>
      <testsuite name="App\Tests\Card\CardTest" file="/Users/jakoberiksson/dbwebb-kurser/mvc/me/report/tests/Card/CardTest.php" tests="2" assertions="3" errors="0" warnings="0" failures="0" skipped="0" time="0.000304">
        <testcase name="testConstructorAndGetters" class="App\Tests\Card\CardTest" classname="App.Tests.Card.CardTest" file="/Users/jakoberiksson/dbwebb-kurser/mvc/me/report/tests/Card/CardTest.php" line="13" assertions="2" time="0.000157"/>
        <testcase name="testGetAsString" class="App\Tests\Card\CardTest" classname="App.Tests.Card.CardTest" file="/Users/jakoberiksson/dbwebb-kurser/mvc/me/report/tests/Card/CardTest.php" line="27" assertions="1" time="0.000147"/>
      </testsuite>
      <testsuite name="App\Tests\Card\DeckOfCardsTest" file="/Users/jakoberiksson/dbwebb-kurser/mvc/me/report/tests/Card/DeckOfCardsTest.php" tests="5" assertions="60" errors="0" warnings="0" failures="0" skipped="0" time="0.005217">
        <testcase name="testConstructorAndGetCards" class="App\Tests\Card\DeckOfCardsTest" classname="App.Tests.Card.DeckOfCardsTest" file="/Users/jakoberiksson/dbwebb-kurser/mvc/me/report/tests/Card/DeckOfCardsTest.php" line="23" assertions="53" time="0.000615"/>
        <testcase name="testShuffleCards" class="App\Tests\Card\DeckOfCardsTest" classname="App.Tests.Card.DeckOfCardsTest" file="/Users/jakoberiksson/dbwebb-kurser/mvc/me/report/tests/Card/DeckOfCardsTest.php" line="37" assertions="2" time="0.003967"/>
        <testcase name="testDrawCard" class="App\Tests\Card\DeckOfCardsTest" classname="App.Tests.Card.DeckOfCardsTest" file="/Users/jakoberiksson/dbwebb-kurser/mvc/me/report/tests/Card/DeckOfCardsTest.php" line="50" assertions="2" time="0.000228"/>
        <testcase name="testCardsLeftInDeck" class="App\Tests\Card\DeckOfCardsTest" classname="App.Tests.Card.DeckOfCardsTest" file="/Users/jakoberiksson/dbwebb-kurser/mvc/me/report/tests/Card/DeckOfCardsTest.php" line="63" assertions="2" time="0.000207"/>
        <testcase name="testAddCard" class="App\Tests\Card\DeckOfCardsTest" classname="App.Tests.Card.DeckOfCardsTest" file="/Users/jakoberiksson/dbwebb-kurser/mvc/me/report/tests/Card/DeckOfCardsTest.php" line="75" assertions="1" time="0.000200"/>
      </testsuite>
      <testsuite name="App\Tests\Card\DeckOfCardsWithJokerTest" file="/Users/jakoberiksson/dbwebb-kurser/mvc/me/report/tests/Card/DeckOfCardsWithJokerTest.php" tests="4" assertions="61" errors="0" warnings="0" failures="0" skipped="0" time="0.004713">
        <testcase name="testConstructorAndGetCards" class="App\Tests\Card\DeckOfCardsWithJokerTest" classname="App.Tests.Card.DeckOfCardsWithJokerTest" file="/Users/jakoberiksson/dbwebb-kurser/mvc/me/report/tests/Card/DeckOfCardsWithJokerTest.php" line="23" assertions="55" time="0.000533"/>
        <testcase name="testShuffleCards" class="App\Tests\Card\DeckOfCardsWithJokerTest" classname="App.Tests.Card.DeckOfCardsWithJokerTest" file="/Users/jakoberiksson/dbwebb-kurser/mvc/me/report/tests/Card/DeckOfCardsWithJokerTest.php" line="37" assertions="2" time="0.003695"/>
        <testcase name="testDrawCard" class="App\Tests\Card\DeckOfCardsWithJokerTest" classname="App.Tests.Card.DeckOfCardsWithJokerTest" file="/Users/jakoberiksson/dbwebb-kurser/mvc/me/report/tests/Card/DeckOfCardsWithJokerTest.php" line="50" assertions="2" time="0.000254"/>
        <testcase name="testCardsLeftInDeck" class="App\Tests\Card\DeckOfCardsWithJokerTest" classname="App.Tests.Card.DeckOfCardsWithJokerTest" file="/Users/jakoberiksson/dbwebb-kurser/mvc/me/report/tests/Card/DeckOfCardsWithJokerTest.php" line="63" assertions="2" time="0.000231"/>
      </testsuite>
      <testsuite name="BlackjackTest" file="/Users/jakoberiksson/dbwebb-kurser/mvc/me/report/tests/Proj/BlackjackTest.php" tests="11" assertions="20" errors="0" warnings="0" failures="0" skipped="0" time="0.005283">
        <testcase name="testConstructor" class="BlackjackTest" classname="BlackjackTest" file="/Users/jakoberiksson/dbwebb-kurser/mvc/me/report/tests/Proj/BlackjackTest.php" line="10" assertions="2" time="0.001405"/>
        <testcase name="testStartGame" class="BlackjackTest" classname="BlackjackTest" file="/Users/jakoberiksson/dbwebb-kurser/mvc/me/report/tests/Proj/BlackjackTest.php" line="19" assertions="5" time="0.000336"/>
        <testcase name="testHitPlayer" class="BlackjackTest" classname="BlackjackTest" file="/Users/jakoberiksson/dbwebb-kurser/mvc/me/report/tests/Proj/BlackjackTest.php" line="39" assertions="1" time="0.000354"/>
        <testcase name="testHitDealer" class="BlackjackTest" classname="BlackjackTest" file="/Users/jakoberiksson/dbwebb-kurser/mvc/me/report/tests/Proj/BlackjackTest.php" line="50" assertions="1" time="0.000307"/>
        <testcase name="testAllPlayersStood" class="BlackjackTest" classname="BlackjackTest" file="/Users/jakoberiksson/dbwebb-kurser/mvc/me/report/tests/Proj/BlackjackTest.php" line="61" assertions="3" time="0.000633"/>
        <testcase name="testDealerPlay" class="BlackjackTest" classname="BlackjackTest" file="/Users/jakoberiksson/dbwebb-kurser/mvc/me/report/tests/Proj/BlackjackTest.php" line="71" assertions="3" time="0.000988"/>
        <testcase name="testDetermineWinners_playerWin" class="BlackjackTest" classname="BlackjackTest" file="/Users/jakoberiksson/dbwebb-kurser/mvc/me/report/tests/Proj/BlackjackTest.php" line="83" assertions="1" time="0.000263"/>
        <testcase name="testDetermineWinners_dealerBust" class="BlackjackTest" classname="BlackjackTest" file="/Users/jakoberiksson/dbwebb-kurser/mvc/me/report/tests/Proj/BlackjackTest.php" line="106" assertions="1" time="0.000259"/>
        <testcase name="testDetermineWinners_playerLoss" class="BlackjackTest" classname="BlackjackTest" file="/Users/jakoberiksson/dbwebb-kurser/mvc/me/report/tests/Proj/BlackjackTest.php" line="130" assertions="1" time="0.000252"/>
        <testcase name="testDetermineWinners_playerLossOver21" class="BlackjackTest" classname="BlackjackTest" file="/Users/jakoberiksson/dbwebb-kurser/mvc/me/report/tests/Proj/BlackjackTest.php" line="153" assertions="1" time="0.000250"/>
        <testcase name="testDetermineWinners_push" class="BlackjackTest" classname="BlackjackTest" file="/Users/jakoberiksson/dbwebb-kurser/mvc/me/report/tests/Proj/BlackjackTest.php" line="177" assertions="1" time="0.000235"/>
      </testsuite>
      <testsuite name="App\Tests\Proj\CardTest" file="/Users/jakoberiksson/dbwebb-kurser/mvc/me/report/tests/Proj/CardTest.php" tests="2" assertions="2" errors="0" warnings="0" failures="0" skipped="0" time="0.000588">
        <testcase name="testGetRank" class="App\Tests\Proj\CardTest" classname="App.Tests.Proj.CardTest" file="/Users/jakoberiksson/dbwebb-kurser/mvc/me/report/tests/Proj/CardTest.php" line="10" assertions="1" time="0.000434"/>
        <testcase name="testGetSuit" class="App\Tests\Proj\CardTest" classname="App.Tests.Proj.CardTest" file="/Users/jakoberiksson/dbwebb-kurser/mvc/me/report/tests/Proj/CardTest.php" line="16" assertions="1" time="0.000154"/>
      </testsuite>
      <testsuite name="App\Tests\Proj\DeckTest" file="/Users/jakoberiksson/dbwebb-kurser/mvc/me/report/tests/Proj/DeckTest.php" tests="3" assertions="4" errors="0" warnings="0" failures="0" skipped="0" time="0.004091">
        <testcase name="testConstructor" class="App\Tests\Proj\DeckTest" classname="App.Tests.Proj.DeckTest" file="/Users/jakoberiksson/dbwebb-kurser/mvc/me/report/tests/Proj/DeckTest.php" line="11" assertions="1" time="0.000220"/>
        <testcase name="testShuffleCards" class="App\Tests\Proj\DeckTest" classname="App.Tests.Proj.DeckTest" file="/Users/jakoberiksson/dbwebb-kurser/mvc/me/report/tests/Proj/DeckTest.php" line="17" assertions="1" time="0.003408"/>
        <testcase name="testDrawCard" class="App\Tests\Proj\DeckTest" classname="App.Tests.Proj.DeckTest" file="/Users/jakoberiksson/dbwebb-kurser/mvc/me/report/tests/Proj/DeckTest.php" line="25" assertions="2" time="0.000463"/>
      </testsuite>
    </testsuite>
  </testsuite>
</testsuites>
