<?xml version="1.0" encoding="UTF-8"?>
<testsuites>
  <testsuite name="" tests="26" assertions="163" errors="0" warnings="0" failures="0" skipped="0" time="0.265731">
    <testsuite name="Project Test Suite" tests="26" assertions="163" errors="0" warnings="0" failures="0" skipped="0" time="0.265731">
      <testsuite name="App\Tests\BlackjackTest" file="/Users/jakoberiksson/dbwebb-kurser/mvc/me/report/tests/Blackjack/BlackjackTest.php" tests="7" assertions="18" errors="0" warnings="0" failures="0" skipped="0" time="0.007817">
        <testcase name="testStartGame" class="App\Tests\BlackjackTest" classname="App.Tests.BlackjackTest" file="/Users/jakoberiksson/dbwebb-kurser/mvc/me/report/tests/Blackjack/BlackjackTest.php" line="15" assertions="4" time="0.005436"/>
        <testcase name="testHitPlayer" class="App\Tests\BlackjackTest" classname="App.Tests.BlackjackTest" file="/Users/jakoberiksson/dbwebb-kurser/mvc/me/report/tests/Blackjack/BlackjackTest.php" line="31" assertions="1" time="0.000585"/>
        <testcase name="testHitDealer" class="App\Tests\BlackjackTest" classname="App.Tests.BlackjackTest" file="/Users/jakoberiksson/dbwebb-kurser/mvc/me/report/tests/Blackjack/BlackjackTest.php" line="46" assertions="1" time="0.000232"/>
        <testcase name="testCalculateHandValue" class="App\Tests\BlackjackTest" classname="App.Tests.BlackjackTest" file="/Users/jakoberiksson/dbwebb-kurser/mvc/me/report/tests/Blackjack/BlackjackTest.php" line="61" assertions="1" time="0.000541"/>
        <testcase name="testCalculateWinner" class="App\Tests\BlackjackTest" classname="App.Tests.BlackjackTest" file="/Users/jakoberiksson/dbwebb-kurser/mvc/me/report/tests/Blackjack/BlackjackTest.php" line="81" assertions="5" time="0.000229"/>
        <testcase name="testGetPlayerHand" class="App\Tests\BlackjackTest" classname="App.Tests.BlackjackTest" file="/Users/jakoberiksson/dbwebb-kurser/mvc/me/report/tests/Blackjack/BlackjackTest.php" line="104" assertions="3" time="0.000531"/>
        <testcase name="testGetDealerHand" class="App\Tests\BlackjackTest" classname="App.Tests.BlackjackTest" file="/Users/jakoberiksson/dbwebb-kurser/mvc/me/report/tests/Blackjack/BlackjackTest.php" line="119" assertions="3" time="0.000263"/>
      </testsuite>
      <testsuite name="App\Tests\Card\CardTest" file="/Users/jakoberiksson/dbwebb-kurser/mvc/me/report/tests/Card/CardTest.php" tests="2" assertions="3" errors="0" warnings="0" failures="0" skipped="0" time="0.000344">
        <testcase name="testConstructorAndGetters" class="App\Tests\Card\CardTest" classname="App.Tests.Card.CardTest" file="/Users/jakoberiksson/dbwebb-kurser/mvc/me/report/tests/Card/CardTest.php" line="13" assertions="2" time="0.000183"/>
        <testcase name="testGetAsString" class="App\Tests\Card\CardTest" classname="App.Tests.Card.CardTest" file="/Users/jakoberiksson/dbwebb-kurser/mvc/me/report/tests/Card/CardTest.php" line="27" assertions="1" time="0.000161"/>
      </testsuite>
      <testsuite name="App\Tests\Card\DeckOfCardsTest" file="/Users/jakoberiksson/dbwebb-kurser/mvc/me/report/tests/Card/DeckOfCardsTest.php" tests="5" assertions="60" errors="0" warnings="0" failures="0" skipped="0" time="0.005261">
        <testcase name="testConstructorAndGetCards" class="App\Tests\Card\DeckOfCardsTest" classname="App.Tests.Card.DeckOfCardsTest" file="/Users/jakoberiksson/dbwebb-kurser/mvc/me/report/tests/Card/DeckOfCardsTest.php" line="23" assertions="53" time="0.000667"/>
        <testcase name="testShuffleCards" class="App\Tests\Card\DeckOfCardsTest" classname="App.Tests.Card.DeckOfCardsTest" file="/Users/jakoberiksson/dbwebb-kurser/mvc/me/report/tests/Card/DeckOfCardsTest.php" line="37" assertions="2" time="0.003940"/>
        <testcase name="testDrawCard" class="App\Tests\Card\DeckOfCardsTest" classname="App.Tests.Card.DeckOfCardsTest" file="/Users/jakoberiksson/dbwebb-kurser/mvc/me/report/tests/Card/DeckOfCardsTest.php" line="50" assertions="2" time="0.000225"/>
        <testcase name="testCardsLeftInDeck" class="App\Tests\Card\DeckOfCardsTest" classname="App.Tests.Card.DeckOfCardsTest" file="/Users/jakoberiksson/dbwebb-kurser/mvc/me/report/tests/Card/DeckOfCardsTest.php" line="63" assertions="2" time="0.000211"/>
        <testcase name="testAddCard" class="App\Tests\Card\DeckOfCardsTest" classname="App.Tests.Card.DeckOfCardsTest" file="/Users/jakoberiksson/dbwebb-kurser/mvc/me/report/tests/Card/DeckOfCardsTest.php" line="75" assertions="1" time="0.000216"/>
      </testsuite>
      <testsuite name="App\Tests\Card\DeckOfCardsWithJokerTest" file="/Users/jakoberiksson/dbwebb-kurser/mvc/me/report/tests/Card/DeckOfCardsWithJokerTest.php" tests="4" assertions="61" errors="0" warnings="0" failures="0" skipped="0" time="0.004624">
        <testcase name="testConstructorAndGetCards" class="App\Tests\Card\DeckOfCardsWithJokerTest" classname="App.Tests.Card.DeckOfCardsWithJokerTest" file="/Users/jakoberiksson/dbwebb-kurser/mvc/me/report/tests/Card/DeckOfCardsWithJokerTest.php" line="23" assertions="55" time="0.000569"/>
        <testcase name="testShuffleCards" class="App\Tests\Card\DeckOfCardsWithJokerTest" classname="App.Tests.Card.DeckOfCardsWithJokerTest" file="/Users/jakoberiksson/dbwebb-kurser/mvc/me/report/tests/Card/DeckOfCardsWithJokerTest.php" line="37" assertions="2" time="0.003592"/>
        <testcase name="testDrawCard" class="App\Tests\Card\DeckOfCardsWithJokerTest" classname="App.Tests.Card.DeckOfCardsWithJokerTest" file="/Users/jakoberiksson/dbwebb-kurser/mvc/me/report/tests/Card/DeckOfCardsWithJokerTest.php" line="50" assertions="2" time="0.000237"/>
        <testcase name="testCardsLeftInDeck" class="App\Tests\Card\DeckOfCardsWithJokerTest" classname="App.Tests.Card.DeckOfCardsWithJokerTest" file="/Users/jakoberiksson/dbwebb-kurser/mvc/me/report/tests/Card/DeckOfCardsWithJokerTest.php" line="63" assertions="2" time="0.000227"/>
      </testsuite>
      <testsuite name="App\Tests\Controller\Home\HomeControllerTest" file="/Users/jakoberiksson/dbwebb-kurser/mvc/me/report/tests/Controller/HomeControllerTest.php" tests="2" assertions="7" errors="0" warnings="0" failures="0" skipped="0" time="0.164506">
        <testcase name="testHomePageIsSuccessful" class="App\Tests\Controller\Home\HomeControllerTest" classname="App.Tests.Controller.Home.HomeControllerTest" file="/Users/jakoberiksson/dbwebb-kurser/mvc/me/report/tests/Controller/HomeControllerTest.php" line="9" assertions="3" time="0.156686"/>
        <testcase name="testHomePageContent" class="App\Tests\Controller\Home\HomeControllerTest" classname="App.Tests.Controller.Home.HomeControllerTest" file="/Users/jakoberiksson/dbwebb-kurser/mvc/me/report/tests/Controller/HomeControllerTest.php" line="18" assertions="4" time="0.007819"/>
      </testsuite>
      <testsuite name="App\Tests\Controller\JsonApi\JsonApiControllerTest" file="/Users/jakoberiksson/dbwebb-kurser/mvc/me/report/tests/Controller/JsonApiControllerTest.php" tests="6" assertions="14" errors="0" warnings="0" failures="0" skipped="0" time="0.083179">
        <testcase name="testJsonRoutes" class="App\Tests\Controller\JsonApi\JsonApiControllerTest" classname="App.Tests.Controller.JsonApi.JsonApiControllerTest" file="/Users/jakoberiksson/dbwebb-kurser/mvc/me/report/tests/Controller/JsonApiControllerTest.php" line="9" assertions="2" time="0.008318"/>
        <testcase name="testJsonQoute" class="App\Tests\Controller\JsonApi\JsonApiControllerTest" classname="App.Tests.Controller.JsonApi.JsonApiControllerTest" file="/Users/jakoberiksson/dbwebb-kurser/mvc/me/report/tests/Controller/JsonApiControllerTest.php" line="18" assertions="2" time="0.004565"/>
        <testcase name="testJsonDeck" class="App\Tests\Controller\JsonApi\JsonApiControllerTest" classname="App.Tests.Controller.JsonApi.JsonApiControllerTest" file="/Users/jakoberiksson/dbwebb-kurser/mvc/me/report/tests/Controller/JsonApiControllerTest.php" line="27" assertions="2" time="0.003766"/>
        <testcase name="testJsonDeckShuffle" class="App\Tests\Controller\JsonApi\JsonApiControllerTest" classname="App.Tests.Controller.JsonApi.JsonApiControllerTest" file="/Users/jakoberiksson/dbwebb-kurser/mvc/me/report/tests/Controller/JsonApiControllerTest.php" line="36" assertions="3" time="0.008809"/>
        <testcase name="testJsonDeckDrawNumber" class="App\Tests\Controller\JsonApi\JsonApiControllerTest" classname="App.Tests.Controller.JsonApi.JsonApiControllerTest" file="/Users/jakoberiksson/dbwebb-kurser/mvc/me/report/tests/Controller/JsonApiControllerTest.php" line="46" assertions="3" time="0.011186"/>
        <testcase name="testJsonBooks" class="App\Tests\Controller\JsonApi\JsonApiControllerTest" classname="App.Tests.Controller.JsonApi.JsonApiControllerTest" file="/Users/jakoberiksson/dbwebb-kurser/mvc/me/report/tests/Controller/JsonApiControllerTest.php" line="57" assertions="2" time="0.046536"/>
      </testsuite>
    </testsuite>
  </testsuite>
</testsuites>
