<?xml version="1.0" encoding="UTF-8"?>
<testsuites>
  <testsuite name="" tests="34" assertions="168" errors="0" warnings="0" failures="0" skipped="0" time="0.029729">
    <testsuite name="Project Test Suite" tests="34" assertions="168" errors="0" warnings="0" failures="0" skipped="0" time="0.029729">
      <testsuite name="App\Tests\BlackjackTest" file="/Users/jakoberiksson/dbwebb-kurser/mvc/me/report/tests/Blackjack/BlackjackTest.php" tests="7" assertions="18" errors="0" warnings="0" failures="0" skipped="0" time="0.008636">
        <testcase name="testStartGame" class="App\Tests\BlackjackTest" classname="App.Tests.BlackjackTest" file="/Users/jakoberiksson/dbwebb-kurser/mvc/me/report/tests/Blackjack/BlackjackTest.php" line="15" assertions="4" time="0.006163"/>
        <testcase name="testHitPlayer" class="App\Tests\BlackjackTest" classname="App.Tests.BlackjackTest" file="/Users/jakoberiksson/dbwebb-kurser/mvc/me/report/tests/Blackjack/BlackjackTest.php" line="31" assertions="1" time="0.000637"/>
        <testcase name="testHitDealer" class="App\Tests\BlackjackTest" classname="App.Tests.BlackjackTest" file="/Users/jakoberiksson/dbwebb-kurser/mvc/me/report/tests/Blackjack/BlackjackTest.php" line="46" assertions="1" time="0.000228"/>
        <testcase name="testCalculateHandValue" class="App\Tests\BlackjackTest" classname="App.Tests.BlackjackTest" file="/Users/jakoberiksson/dbwebb-kurser/mvc/me/report/tests/Blackjack/BlackjackTest.php" line="61" assertions="1" time="0.000578"/>
        <testcase name="testCalculateWinner" class="App\Tests\BlackjackTest" classname="App.Tests.BlackjackTest" file="/Users/jakoberiksson/dbwebb-kurser/mvc/me/report/tests/Blackjack/BlackjackTest.php" line="81" assertions="5" time="0.000245"/>
        <testcase name="testGetPlayerHand" class="App\Tests\BlackjackTest" classname="App.Tests.BlackjackTest" file="/Users/jakoberiksson/dbwebb-kurser/mvc/me/report/tests/Blackjack/BlackjackTest.php" line="104" assertions="3" time="0.000547"/>
        <testcase name="testGetDealerHand" class="App\Tests\BlackjackTest" classname="App.Tests.BlackjackTest" file="/Users/jakoberiksson/dbwebb-kurser/mvc/me/report/tests/Blackjack/BlackjackTest.php" line="119" assertions="3" time="0.000239"/>
      </testsuite>
      <testsuite name="App\Tests\Card\CardTest" file="/Users/jakoberiksson/dbwebb-kurser/mvc/me/report/tests/Card/CardTest.php" tests="2" assertions="3" errors="0" warnings="0" failures="0" skipped="0" time="0.000344">
        <testcase name="testConstructorAndGetters" class="App\Tests\Card\CardTest" classname="App.Tests.Card.CardTest" file="/Users/jakoberiksson/dbwebb-kurser/mvc/me/report/tests/Card/CardTest.php" line="13" assertions="2" time="0.000159"/>
        <testcase name="testGetAsString" class="App\Tests\Card\CardTest" classname="App.Tests.Card.CardTest" file="/Users/jakoberiksson/dbwebb-kurser/mvc/me/report/tests/Card/CardTest.php" line="27" assertions="1" time="0.000185"/>
      </testsuite>
      <testsuite name="App\Tests\Card\DeckOfCardsTest" file="/Users/jakoberiksson/dbwebb-kurser/mvc/me/report/tests/Card/DeckOfCardsTest.php" tests="5" assertions="60" errors="0" warnings="0" failures="0" skipped="0" time="0.005522">
        <testcase name="testConstructorAndGetCards" class="App\Tests\Card\DeckOfCardsTest" classname="App.Tests.Card.DeckOfCardsTest" file="/Users/jakoberiksson/dbwebb-kurser/mvc/me/report/tests/Card/DeckOfCardsTest.php" line="23" assertions="53" time="0.000703"/>
        <testcase name="testShuffleCards" class="App\Tests\Card\DeckOfCardsTest" classname="App.Tests.Card.DeckOfCardsTest" file="/Users/jakoberiksson/dbwebb-kurser/mvc/me/report/tests/Card/DeckOfCardsTest.php" line="37" assertions="2" time="0.004156"/>
        <testcase name="testDrawCard" class="App\Tests\Card\DeckOfCardsTest" classname="App.Tests.Card.DeckOfCardsTest" file="/Users/jakoberiksson/dbwebb-kurser/mvc/me/report/tests/Card/DeckOfCardsTest.php" line="50" assertions="2" time="0.000228"/>
        <testcase name="testCardsLeftInDeck" class="App\Tests\Card\DeckOfCardsTest" classname="App.Tests.Card.DeckOfCardsTest" file="/Users/jakoberiksson/dbwebb-kurser/mvc/me/report/tests/Card/DeckOfCardsTest.php" line="63" assertions="2" time="0.000220"/>
        <testcase name="testAddCard" class="App\Tests\Card\DeckOfCardsTest" classname="App.Tests.Card.DeckOfCardsTest" file="/Users/jakoberiksson/dbwebb-kurser/mvc/me/report/tests/Card/DeckOfCardsTest.php" line="75" assertions="1" time="0.000214"/>
      </testsuite>
      <testsuite name="App\Tests\Card\DeckOfCardsWithJokerTest" file="/Users/jakoberiksson/dbwebb-kurser/mvc/me/report/tests/Card/DeckOfCardsWithJokerTest.php" tests="4" assertions="61" errors="0" warnings="0" failures="0" skipped="0" time="0.004787">
        <testcase name="testConstructorAndGetCards" class="App\Tests\Card\DeckOfCardsWithJokerTest" classname="App.Tests.Card.DeckOfCardsWithJokerTest" file="/Users/jakoberiksson/dbwebb-kurser/mvc/me/report/tests/Card/DeckOfCardsWithJokerTest.php" line="23" assertions="55" time="0.000587"/>
        <testcase name="testShuffleCards" class="App\Tests\Card\DeckOfCardsWithJokerTest" classname="App.Tests.Card.DeckOfCardsWithJokerTest" file="/Users/jakoberiksson/dbwebb-kurser/mvc/me/report/tests/Card/DeckOfCardsWithJokerTest.php" line="37" assertions="2" time="0.003730"/>
        <testcase name="testDrawCard" class="App\Tests\Card\DeckOfCardsWithJokerTest" classname="App.Tests.Card.DeckOfCardsWithJokerTest" file="/Users/jakoberiksson/dbwebb-kurser/mvc/me/report/tests/Card/DeckOfCardsWithJokerTest.php" line="50" assertions="2" time="0.000244"/>
        <testcase name="testCardsLeftInDeck" class="App\Tests\Card\DeckOfCardsWithJokerTest" classname="App.Tests.Card.DeckOfCardsWithJokerTest" file="/Users/jakoberiksson/dbwebb-kurser/mvc/me/report/tests/Card/DeckOfCardsWithJokerTest.php" line="63" assertions="2" time="0.000226"/>
      </testsuite>
      <testsuite name="BlackjackTest" file="/Users/jakoberiksson/dbwebb-kurser/mvc/me/report/tests/Proj/BlackjackTest.php" tests="11" assertions="20" errors="0" warnings="0" failures="0" skipped="0" time="0.005488">
        <testcase name="testConstructor" class="BlackjackTest" classname="BlackjackTest" file="/Users/jakoberiksson/dbwebb-kurser/mvc/me/report/tests/Proj/BlackjackTest.php" line="10" assertions="2" time="0.001306"/>
        <testcase name="testStartGame" class="BlackjackTest" classname="BlackjackTest" file="/Users/jakoberiksson/dbwebb-kurser/mvc/me/report/tests/Proj/BlackjackTest.php" line="19" assertions="5" time="0.000403"/>
        <testcase name="testHitPlayer" class="BlackjackTest" classname="BlackjackTest" file="/Users/jakoberiksson/dbwebb-kurser/mvc/me/report/tests/Proj/BlackjackTest.php" line="39" assertions="1" time="0.000451"/>
        <testcase name="testHitDealer" class="BlackjackTest" classname="BlackjackTest" file="/Users/jakoberiksson/dbwebb-kurser/mvc/me/report/tests/Proj/BlackjackTest.php" line="50" assertions="1" time="0.000304"/>
        <testcase name="testAllPlayersStood" class="BlackjackTest" classname="BlackjackTest" file="/Users/jakoberiksson/dbwebb-kurser/mvc/me/report/tests/Proj/BlackjackTest.php" line="61" assertions="3" time="0.000696"/>
        <testcase name="testDealerPlay" class="BlackjackTest" classname="BlackjackTest" file="/Users/jakoberiksson/dbwebb-kurser/mvc/me/report/tests/Proj/BlackjackTest.php" line="71" assertions="3" time="0.000998"/>
        <testcase name="testDetermineWinners_playerWin" class="BlackjackTest" classname="BlackjackTest" file="/Users/jakoberiksson/dbwebb-kurser/mvc/me/report/tests/Proj/BlackjackTest.php" line="83" assertions="1" time="0.000276"/>
        <testcase name="testDetermineWinners_dealerBust" class="BlackjackTest" classname="BlackjackTest" file="/Users/jakoberiksson/dbwebb-kurser/mvc/me/report/tests/Proj/BlackjackTest.php" line="106" assertions="1" time="0.000260"/>
        <testcase name="testDetermineWinners_playerLoss" class="BlackjackTest" classname="BlackjackTest" file="/Users/jakoberiksson/dbwebb-kurser/mvc/me/report/tests/Proj/BlackjackTest.php" line="130" assertions="1" time="0.000270"/>
        <testcase name="testDetermineWinners_playerLossOver21" class="BlackjackTest" classname="BlackjackTest" file="/Users/jakoberiksson/dbwebb-kurser/mvc/me/report/tests/Proj/BlackjackTest.php" line="153" assertions="1" time="0.000268"/>
        <testcase name="testDetermineWinners_push" class="BlackjackTest" classname="BlackjackTest" file="/Users/jakoberiksson/dbwebb-kurser/mvc/me/report/tests/Proj/BlackjackTest.php" line="177" assertions="1" time="0.000255"/>
      </testsuite>
      <testsuite name="App\Tests\Proj\CardTest" file="/Users/jakoberiksson/dbwebb-kurser/mvc/me/report/tests/Proj/CardTest.php" tests="2" assertions="2" errors="0" warnings="0" failures="0" skipped="0" time="0.000668">
        <testcase name="testGetRank" class="App\Tests\Proj\CardTest" classname="App.Tests.Proj.CardTest" file="/Users/jakoberiksson/dbwebb-kurser/mvc/me/report/tests/Proj/CardTest.php" line="10" assertions="1" time="0.000512"/>
        <testcase name="testGetSuit" class="App\Tests\Proj\CardTest" classname="App.Tests.Proj.CardTest" file="/Users/jakoberiksson/dbwebb-kurser/mvc/me/report/tests/Proj/CardTest.php" line="16" assertions="1" time="0.000157"/>
      </testsuite>
      <testsuite name="App\Tests\Proj\DeckTest" file="/Users/jakoberiksson/dbwebb-kurser/mvc/me/report/tests/Proj/DeckTest.php" tests="3" assertions="4" errors="0" warnings="0" failures="0" skipped="0" time="0.004285">
        <testcase name="testConstructor" class="App\Tests\Proj\DeckTest" classname="App.Tests.Proj.DeckTest" file="/Users/jakoberiksson/dbwebb-kurser/mvc/me/report/tests/Proj/DeckTest.php" line="11" assertions="1" time="0.000212"/>
        <testcase name="testShuffleCards" class="App\Tests\Proj\DeckTest" classname="App.Tests.Proj.DeckTest" file="/Users/jakoberiksson/dbwebb-kurser/mvc/me/report/tests/Proj/DeckTest.php" line="17" assertions="1" time="0.003569"/>
        <testcase name="testDrawCard" class="App\Tests\Proj\DeckTest" classname="App.Tests.Proj.DeckTest" file="/Users/jakoberiksson/dbwebb-kurser/mvc/me/report/tests/Proj/DeckTest.php" line="25" assertions="2" time="0.000503"/>
      </testsuite>
    </testsuite>
  </testsuite>
</testsuites>
